[     168ms] [ERROR] Failed to load resource: net::ERR_CONNECTION_REFUSED @ https://static.criteo.net/images/pixel.gif?ch=2:0
[     168ms] [ERROR] Failed to load resource: net::ERR_CONNECTION_REFUSED @ https://www.googletagmanager.com/gtag/js?id=UA-26248206-3:0
[     169ms] [ERROR] Failed to load resource: net::ERR_CONNECTION_REFUSED @ https://static.criteo.net/js/ld/publishertag.standalone.js:0
[     201ms] [ERROR] Failed to load resource: net::ERR_CONNECTION_REFUSED @ https://static.criteo.net/js/ld/publishertag.standalone.js:0
[     229ms] [ERROR] Failed to load resource: net::ERR_CONNECTION_REFUSED @ https://www.googletagmanager.com/gtm.js?id=GTM-WV62STW:0
[     229ms] [ERROR] Failed to load resource: net::ERR_CONNECTION_REFUSED @ https://cdn.id5-sync.com/api/1.0/id5-api.js:0
[     277ms] [ERROR] Failed to load resource: net::ERR_CONNECTION_REFUSED @ https://adx.adform.net/adx/openrtb:0
[     278ms] [ERROR] Failed to load resource: net::ERR_CONNECTION_REFUSED @ https://bidder.criteo.com/cdb?profileId=207&av=37&wv=9.4.1&cb=94653203908&lsavail=1:0
[     278ms] [ERROR] Failed to load resource: net::ERR_CONNECTION_REFUSED @ https://prg.smartadserver.com/prebid/v1:0
[     278ms] [ERROR] Failed to load resource: net::ERR_CONNECTION_REFUSED @ https://prebid.a-mo.net/a/c:0
[     278ms] [ERROR] Failed to load resource: net::ERR_CONNECTION_REFUSED @ https://adx.adform.net/adx/openrtb:0
[     279ms] [ERROR] Failed to load resource: net::ERR_CONNECTION_REFUSED @ https://bidder.criteo.com/cdb?profileId=207&av=37&wv=9.4.1&cb=33232420101&lsavail=1:0
[     279ms] [ERROR] Failed to load resource: net::ERR_CONNECTION_REFUSED @ https://prg.smartadserver.com/prebid/v1:0
[     279ms] [ERROR] Failed to load resource: net::ERR_CONNECTION_REFUSED @ https://prg.smartadserver.com/prebid/v1:0
[     279ms] [ERROR] Failed to load resource: net::ERR_CONNECTION_REFUSED @ https://openbid.pubmatic.com/translator?pubId=158361:0
[     279ms] [ERROR] Failed to load resource: net::ERR_CONNECTION_REFUSED @ https://prebid.a-mo.net/a/c:0
[     279ms] [ERROR] Failed to load resource: net::ERR_CONNECTION_REFUSED @ https://prebid.a-mo.net/a/c:0
[     279ms] [ERROR] Failed to load resource: net::ERR_CONNECTION_REFUSED @ https://prebid.a-mo.net/a/c:0
[     279ms] [ERROR] Failed to load resource: net::ERR_CONNECTION_REFUSED @ https://adx.adform.net/adx/openrtb:0
[     280ms] [ERROR] Failed to load resource: net::ERR_CONNECTION_REFUSED @ https://prg.smartadserver.com/prebid/v1:0
[     280ms] [ERROR] Failed to load resource: net::ERR_CONNECTION_REFUSED @ https://adx.adform.net/adx/openrtb:0
[     280ms] [ERROR] Failed to load resource: net::ERR_CONNECTION_REFUSED @ https://openbid.pubmatic.com/translator?pubId=158361:0
[     282ms] [ERROR] Failed to load resource: net::ERR_CONNECTION_REFUSED @ https://adx.adform.net/adx/openrtb:0
[     283ms] [ERROR] Failed to load resource: net::ERR_CONNECTION_REFUSED @ https://bidder.criteo.com/cdb?profileId=207&av=37&wv=9.4.1&cb=86015548889&lsavail=1:0
[     283ms] [ERROR] Failed to load resource: net::ERR_CONNECTION_REFUSED @ https://adx.adform.net/adx/openrtb:0
[     290ms] [ERROR] Failed to load resource: net::ERR_CONNECTION_REFUSED @ https://bidder.criteo.com/cdb?profileId=207&av=37&wv=9.4.1&cb=93565285386&lsavail=1:0
[     290ms] [ERROR] Failed to load resource: net::ERR_CONNECTION_REFUSED @ https://prg.smartadserver.com/prebid/v1:0
[     290ms] [ERROR] Failed to load resource: net::ERR_CONNECTION_REFUSED @ https://prg.smartadserver.com/prebid/v1:0
[     291ms] [ERROR] Failed to load resource: net::ERR_CONNECTION_REFUSED @ https://openbid.pubmatic.com/translator?pubId=158361:0
[     336ms] [ERROR] Failed to load resource: net::ERR_CONNECTION_REFUSED @ https://mp.4dex.io/prebid:0
[     336ms] [ERROR] Failed to load resource: net::ERR_CONNECTION_REFUSED @ https://prebid.a-mo.net/a/c:0
[     336ms] [ERROR] Failed to load resource: net::ERR_CONNECTION_REFUSED @ https://ice.360yield.com/2218/pb:0
[     342ms] [ERROR] Failed to load resource: net::ERR_CONNECTION_REFUSED @ https://gum.criteo.com/sid/json?origin=prebid&topUrl=https%3A%2F%2Fidos.cz%2F&domain=idos.cz&cw=1&lsw=1&gdprString=CQfQQUAQfQQUAAHABBENCQFgAP_gAEPgAATIJpwLwAFAAQAArABwAHQAQAAqABaADIAGgARQAkgBMAC3AF4AXwAxACAgEGAQgAiABFACdAGWAO4AeIA_QCSgE4AKQAWYAuoBfADOAIWAR0AmkBNoCdAE_gKkAVkAtQBeYDGQGSANTAd-BGwCaYJVwGQAKgAcABAACoAGQANAAmABiAD8AIQARAAywB3AD9AIsASUBNICbQFSAKyAWoAvMBkgDUwJVgAA.f_wACHwAAAAA&gdpr=1:0
[     342ms] [ERROR] Failed to load resource: net::ERR_CONNECTION_REFUSED @ https://id5-sync.com/api/config/prebid:0
[     465ms] [ERROR] Failed to load resource: net::ERR_CERT_COMMON_NAME_INVALID @ https://ssp.seznam.cz/static/js/ssp.js:0
[     472ms] [ERROR] Failed to load resource: net::ERR_CONNECTION_REFUSED @ https://adx.adform.net/adx/openrtb:0
[     473ms] [ERROR] Failed to load resource: net::ERR_CONNECTION_REFUSED @ https://adx.adform.net/adx/openrtb:0
[     473ms] [ERROR] Failed to load resource: net::ERR_CONNECTION_REFUSED @ https://ib.adnxs.com/ut/v3/prebid:0
[     474ms] [ERROR] Failed to load resource: net::ERR_CONNECTION_REFUSED @ https://adx.adform.net/adx/openrtb:0
[     475ms] [ERROR] Failed to load resource: net::ERR_CONNECTION_REFUSED @ https://grid-bidder.criteo.com/openrtb_2_5/pbjs/auction/request?profileId=207&av=37&wv=9.51.0&cb=10586011045&lsavail=1&networkId=11172:0
[     476ms] [ERROR] Failed to load resource: net::ERR_CONNECTION_REFUSED @ https://ads.pubmatic.com/AdServer/js/pwt/158361/3614/pwt.js:0
[     597ms] [ERROR] Failed to load resource: net::ERR_CONNECTION_REFUSED @ https://cdn.cxense.com/cx.cce.js:0
[     598ms] [ERROR] Failed to load resource: net::ERR_CERT_COMMON_NAME_INVALID @ https://ssp.seznam.cz/v2/rtb:0
[     599ms] [ERROR] Failed to load resource: net::ERR_CONNECTION_REFUSED @ https://hbopenbid.pubmatic.com/translator?source=prebid-client&gzip=1:0
[     600ms] [ERROR] Failed to load resource: net::ERR_CONNECTION_REFUSED @ https://c2-eu.piano.io/xbuilder/experience/execute?aid=ldpllFOBpe:0
[     997ms] [ERROR] Failed to load resource: net::ERR_CONNECTION_REFUSED @ https://adx.adform.net/adx/openrtb:0
[     998ms] [ERROR] Failed to load resource: net::ERR_CONNECTION_REFUSED @ https://openbid.pubmatic.com/translator?pubId=158361:0
[     999ms] [ERROR] Failed to load resource: net::ERR_CONNECTION_REFUSED @ https://prg.smartadserver.com/prebid/v1:0
[    1043ms] [WARNING] An iframe which has both allow-scripts and allow-same-origin for its sandbox attribute can escape its sandboxing. @ https://delivery.r2b2.cz/js/7.93.0-rc1/online/public/bundle_ad1489.6097069917dae179a1a4.js:1
[    1086ms] [ERROR] Failed to load resource: net::ERR_CONNECTION_REFUSED @ https://securepubads.g.doubleclick.net/tag/js/gpt.js:0
[    3645ms] [ERROR] Failed to load resource: net::ERR_CONNECTION_REFUSED @ https://ssp-sync.criteo.com/user-sync/redirect?profile=207&gdprapplies=true&gdpr=CQfQQUAQfQQUAAHABBENCQFgAP_gAEPgAATIJpwLwAFAAQAArABwAHQAQAAqABaADIAGgARQAkgBMAC3AF4AXwAxACAgEGAQgAiABFACdAGWAO4AeIA_QCSgE4AKQAWYAuoBfADOAIWAR0AmkBNoCdAE_gKkAVkAtQBeYDGQGSANTAd-BGwCaYJVwGQAKgAcABAACoAGQANAAmABiAD8AIQARAAywB3AD9AIsASUBNICbQFSAKyAWoAvMBkgDUwJVgAA.f_wACHwAAAAA&gpp=:0
[    3671ms] [ERROR] Failed to load resource: net::ERR_CONNECTION_REFUSED @ https://c1.adform.net/serving/cookie/match?party=29&gdpr=1&gdpr_consent=CQfQQUAQfQQUAAHABBENCQFgAP_gAEPgAATIJpwLwAFAAQAArABwAHQAQAAqABaADIAGgARQAkgBMAC3AF4AXwAxACAgEGAQgAiABFACdAGWAO4AeIA_QCSgE4AKQAWYAuoBfADOAIWAR0AmkBNoCdAE_gKkAVkAtQBeYDGQGSANTAd-BGwCaYJVwGQAKgAcABAACoAGQANAAmABiAD8AIQARAAywB3AD9AIsASUBNICbQFSAKyAWoAvMBkgDUwJVgAA.f_wACHwAAAAA:0
[    3685ms] [ERROR] Failed to load resource: net::ERR_CONNECTION_REFUSED @ https://rtb.openx.net/sync/prebid?gdpr=1&gdpr_consent=CQfQQUAQfQQUAAHABBENCQFgAP_gAEPgAATIJpwLwAFAAQAArABwAHQAQAAqABaADIAGgARQAkgBMAC3AF4AXwAxACAgEGAQgAiABFACdAGWAO4AeIA_QCSgE4AKQAWYAuoBfADOAIWAR0AmkBNoCdAE_gKkAVkAtQBeYDGQGSANTAd-BGwCaYJVwGQAKgAcABAACoAGQANAAmABiAD8AIQARAAywB3AD9AIsASUBNICbQFSAKyAWoAvMBkgDUwJVgAA.f_wACHwAAAAA&&r=https%3A%2F%2Fssp.wp.pl%2Fbidder%2Fusersync%2Fsetuid%3Fgdpr%3D1%26gdpr_consent%3DCQfQQUAQfQQUAAHABBENCQFgAP_gAEPgAATIJpwLwAFAAQAArABwAHQAQAAqABaADIAGgARQAkgBMAC3AF4AXwAxACAgEGAQgAiABFACdAGWAO4AeIA_QCSgE4AKQAWYAuoBfADOAIWAR0AmkBNoCdAE_gKkAVkAtQBeYDGQGSANTAd-BGwCaYJVwGQAKgAcABAACoAGQANAAmABiAD8AIQARAAywB3AD9AIsASUBNICbQFSAKyAWoAvMBkgDUwJVgAA.f_wACHwAAAAA%26inver%3D0%26host%3Didos.cz%26mode%3D1%26bidder%3Dopenx%26uid%3D%24%7BUID%7D:0
[    5667ms] [ERROR] Failed to load resource: net::ERR_CONNECTION_REFUSED @ https://pixel.rubiconproject.com/tap.php?v=223352&nid=4584&put=rZHNdiryWNVwnk7nXaTrx9_J3PgPnkaiqfnmX8U1nZ8:0
[    5667ms] [ERROR] Failed to load resource: net::ERR_CONNECTION_REFUSED @ https://ib.adnxs.com/getuid?https%3A%2F%2Fonetag-sys.com%2Fmatch%2F%3Fint_id%3D98%26uid%3D$UID&gdpr=1&gdpr_consent=CQfQQUAQfQQUAAHABBENCQFgAP_gAEPgAATIJpwLwAFAAQAArABwAHQAQAAqABaADIAGgARQAkgBMAC3AF4AXwAxACAgEGAQgAiABFACdAGWAO4AeIA_QCSgE4AKQAWYAuoBfADOAIWAR0AmkBNoCdAE_gKkAVkAtQBeYDGQGSANTAd-BGwCaYJVwGQAKgAcABAACoAGQANAAmABiAD8AIQARAAywB3AD9AIsASUBNICbQFSAKyAWoAvMBkgDUwJVgAA.f_wACHwAAAAA:0
[    5670ms] [ERROR] Failed to load resource: net::ERR_CONNECTION_REFUSED @ https://ssbsync-global.smartadserver.com/api/sync?callerId=5&gdpr=1&gdpr_consent=CQfQQUAQfQQUAAHABBENCQFgAP_gAEPgAATIJpwLwAFAAQAArABwAHQAQAAqABaADIAGgARQAkgBMAC3AF4AXwAxACAgEGAQgAiABFACdAGWAO4AeIA_QCSgE4AKQAWYAuoBfADOAIWAR0AmkBNoCdAE_gKkAVkAtQBeYDGQGSANTAd-BGwCaYJVwGQAKgAcABAACoAGQANAAmABiAD8AIQARAAywB3AD9AIsASUBNICbQFSAKyAWoAvMBkgDUwJVgAA.f_wACHwAAAAA&us_privacy=&redirectUri=https%3A%2F%2Fonetag-sys.com%2Fmatch%2F%3Fint_id%3D107%26uid%3D[ssb_sync_pid]:0
[    5670ms] [ERROR] Failed to load resource: net::ERR_CONNECTION_REFUSED @ https://cm.g.doubleclick.net/pixel?google_nid=onetag_eb&gdpr=1&gdpr_consent=CQfQQUAQfQQUAAHABBENCQFgAP_gAEPgAATIJpwLwAFAAQAArABwAHQAQAAqABaADIAGgARQAkgBMAC3AF4AXwAxACAgEGAQgAiABFACdAGWAO4AeIA_QCSgE4AKQAWYAuoBfADOAIWAR0AmkBNoCdAE_gKkAVkAtQBeYDGQGSANTAd-BGwCaYJVwGQAKgAcABAACoAGQANAAmABiAD8AIQARAAywB3AD9AIsASUBNICbQFSAKyAWoAvMBkgDUwJVgAA.f_wACHwAAAAA&google_cm:0
[    5675ms] [ERROR] Failed to load resource: net::ERR_CONNECTION_REFUSED @ https://x.bidswitch.net/sync?ssp=onetag&gdpr=1&gdpr_consent=CQfQQUAQfQQUAAHABBENCQFgAP_gAEPgAATIJpwLwAFAAQAArABwAHQAQAAqABaADIAGgARQAkgBMAC3AF4AXwAxACAgEGAQgAiABFACdAGWAO4AeIA_QCSgE4AKQAWYAuoBfADOAIWAR0AmkBNoCdAE_gKkAVkAtQBeYDGQGSANTAd-BGwCaYJVwGQAKgAcABAACoAGQANAAmABiAD8AIQARAAywB3AD9AIsASUBNICbQFSAKyAWoAvMBkgDUwJVgAA.f_wACHwAAAAA&user_id=rZHNdiryWNVwnk7nXaTrx9_J3PgPnkaiqfnmX8U1nZ8:0
[    5679ms] [ERROR] Failed to load resource: net::ERR_CONNECTION_REFUSED @ https://ib.adnxs.com/async_usersync?cbfn=queuePixels&gdpr_consent=CQfQQUAQfQQUAAHABBENCQFgAP_gAEPgAATIJpwLwAFAAQAArABwAHQAQAAqABaADIAGgARQAkgBMAC3AF4AXwAxACAgEGAQgAiABFACdAGWAO4AeIA_QCSgE4AKQAWYAuoBfADOAIWAR0AmkBNoCdAE_gKkAVkAtQBeYDGQGSANTAd-BGwCaYJVwGQAKgAcABAACoAGQANAAmABiAD8AIQARAAywB3AD9AIsASUBNICbQFSAKyAWoAvMBkgDUwJVgAA.f_wACHwAAAAA:0
[    5690ms] [ERROR] Failed to load resource: net::ERR_CONNECTION_REFUSED @ https://cm.g.doubleclick.net/pixel?google_nid=one_tag&google_hm=AAABnDg0XASMLGn84FCi5eR9dGItW0EVOWxY9g&gdpr=1&gdpr_consent=CQfQQUAQfQQUAAHABBENCQFgAP_gAEPgAATIJpwLwAFAAQAArABwAHQAQAAqABaADIAGgARQAkgBMAC3AF4AXwAxACAgEGAQgAiABFACdAGWAO4AeIA_QCSgE4AKQAWYAuoBfADOAIWAR0AmkBNoCdAE_gKkAVkAtQBeYDGQGSANTAd-BGwCaYJVwGQAKgAcABAACoAGQANAAmABiAD8AIQARAAywB3AD9AIsASUBNICbQFSAKyAWoAvMBkgDUwJVgAA.f_wACHwAAAAA:0
[    5691ms] [ERROR] Failed to load resource: net::ERR_CONNECTION_REFUSED @ https://s.amazon-adsystem.com/ecm3?ex=onetag.com&id=rZHNdiryWNVwnk7nXaTrx9_J3PgPnkaiqfnmX8U1nZ8:0
[    6342ms] [ERROR] Failed to load resource: net::ERR_CONNECTION_REFUSED @ https://securepubads.g.doubleclick.net/tag/js/gpt.js:0
