[     526ms] [ERROR] Failed to load resource: net::ERR_CONNECTION_REFUSED @ https://static.criteo.net/images/pixel.gif?ch=2:0
[     527ms] [ERROR] Failed to load resource: net::ERR_CONNECTION_REFUSED @ https://www.googletagmanager.com/gtag/js?id=UA-26248206-3:0
[     531ms] [ERROR] Failed to load resource: net::ERR_CONNECTION_REFUSED @ https://static.criteo.net/js/ld/publishertag.standalone.js:0
[     598ms] [ERROR] Failed to load resource: net::ERR_CONNECTION_REFUSED @ https://static.criteo.net/js/ld/publishertag.standalone.js:0
[     740ms] [ERROR] Failed to load resource: net::ERR_CONNECTION_REFUSED @ https://www.googletagmanager.com/gtm.js?id=GTM-WV62STW:0
[     740ms] [ERROR] Failed to load resource: net::ERR_CONNECTION_REFUSED @ https://cdn.id5-sync.com/api/1.0/id5-api.js:0
[     851ms] [ERROR] Failed to load resource: net::ERR_CONNECTION_REFUSED @ https://adx.adform.net/adx/openrtb:0
[     856ms] [ERROR] Failed to load resource: net::ERR_CONNECTION_REFUSED @ https://bidder.criteo.com/cdb?profileId=207&av=37&wv=9.4.1&cb=45973347203&lsavail=1:0
[     856ms] [ERROR] Failed to load resource: net::ERR_CONNECTION_REFUSED @ https://prg.smartadserver.com/prebid/v1:0
[     856ms] [ERROR] Failed to load resource: net::ERR_CONNECTION_REFUSED @ https://prebid.a-mo.net/a/c:0
[     856ms] [ERROR] Failed to load resource: net::ERR_CONNECTION_REFUSED @ https://adx.adform.net/adx/openrtb:0
[     857ms] [ERROR] Failed to load resource: net::ERR_CONNECTION_REFUSED @ https://bidder.criteo.com/cdb?profileId=207&av=37&wv=9.4.1&cb=96346611848&lsavail=1:0
[     857ms] [ERROR] Failed to load resource: net::ERR_CONNECTION_REFUSED @ https://prg.smartadserver.com/prebid/v1:0
[     869ms] [ERROR] Failed to load resource: net::ERR_CONNECTION_REFUSED @ https://prg.smartadserver.com/prebid/v1:0
[     870ms] [ERROR] Failed to load resource: net::ERR_CONNECTION_REFUSED @ https://prebid.a-mo.net/a/c:0
[    1028ms] [ERROR] Failed to load resource: net::ERR_CONNECTION_REFUSED @ https://openbid.pubmatic.com/translator?pubId=158361:0
[    1031ms] [ERROR] Failed to load resource: net::ERR_CONNECTION_REFUSED @ https://prebid.a-mo.net/a/c:0
[    1032ms] [ERROR] Failed to load resource: net::ERR_CONNECTION_REFUSED @ https://prebid.a-mo.net/a/c:0
[    1032ms] [ERROR] Failed to load resource: net::ERR_CONNECTION_REFUSED @ https://adx.adform.net/adx/openrtb:0
[    1032ms] [ERROR] Failed to load resource: net::ERR_CONNECTION_REFUSED @ https://adx.adform.net/adx/openrtb:0
[    1032ms] [ERROR] Failed to load resource: net::ERR_CONNECTION_REFUSED @ https://openbid.pubmatic.com/translator?pubId=158361:0
[    1032ms] [ERROR] Failed to load resource: net::ERR_CONNECTION_REFUSED @ https://prg.smartadserver.com/prebid/v1:0
[    1034ms] [ERROR] Failed to load resource: net::ERR_CONNECTION_REFUSED @ https://adx.adform.net/adx/openrtb:0
[    1035ms] [ERROR] Failed to load resource: net::ERR_CONNECTION_REFUSED @ https://adx.adform.net/adx/openrtb:0
[    1035ms] [ERROR] Failed to load resource: net::ERR_CONNECTION_REFUSED @ https://bidder.criteo.com/cdb?profileId=207&av=37&wv=9.4.1&cb=32992827354&lsavail=1:0
[    1035ms] [ERROR] Failed to load resource: net::ERR_CONNECTION_REFUSED @ https://bidder.criteo.com/cdb?profileId=207&av=37&wv=9.4.1&cb=34295003821&lsavail=1:0
[    1036ms] [ERROR] Failed to load resource: net::ERR_CONNECTION_REFUSED @ https://prg.smartadserver.com/prebid/v1:0
[    1037ms] [ERROR] Failed to load resource: net::ERR_CONNECTION_REFUSED @ https://prg.smartadserver.com/prebid/v1:0
[    1042ms] [ERROR] Failed to load resource: net::ERR_CONNECTION_REFUSED @ https://openbid.pubmatic.com/translator?pubId=158361:0
[    1042ms] [ERROR] Failed to load resource: net::ERR_CONNECTION_REFUSED @ https://mp.4dex.io/prebid:0
[    1042ms] [ERROR] Failed to load resource: net::ERR_CONNECTION_REFUSED @ https://prebid.a-mo.net/a/c:0
[    1046ms] [ERROR] Failed to load resource: net::ERR_CONNECTION_REFUSED @ https://ice.360yield.com/2218/pb:0
[    1052ms] [ERROR] Failed to load resource: net::ERR_CERT_COMMON_NAME_INVALID @ https://ssp.seznam.cz/static/js/ssp.js:0
[    2977ms] [ERROR] Failed to load resource: net::ERR_CONNECTION_REFUSED @ https://ads.pubmatic.com/AdServer/js/pwt/158361/3614/pwt.js:0
[    2977ms] [ERROR] Failed to load resource: net::ERR_CONNECTION_REFUSED @ https://gum.criteo.com/sid/json?origin=prebid&topUrl=https%3A%2F%2Fidos.cz%2F&domain=idos.cz&cw=1&lsw=1&gdprString=CQfQQUAQfQQUAAHABBENCQFgAP_gAEPgAATIJpwLwAFAAQAArABwAHQAQAAqABaADIAGgARQAkgBMAC3AF4AXwAxACAgEGAQgAiABFACdAGWAO4AeIA_QCSgE4AKQAWYAuoBfADOAIWAR0AmkBNoCdAE_gKkAVkAtQBeYDGQGSANTAd-BGwCaYJVwGQAKgAcABAACoAGQANAAmABiAD8AIQARAAywB3AD9AIsASUBNICbQFSAKyAWoAvMBkgDUwJVgAA.f_wACHwAAAAA&gdpr=1:0
[    2977ms] [ERROR] Failed to load resource: net::ERR_CONNECTION_REFUSED @ https://id5-sync.com/api/config/prebid:0
[    3226ms] [ERROR] Failed to load resource: net::ERR_CONNECTION_REFUSED @ https://adx.adform.net/adx/openrtb:0
[    3226ms] [ERROR] Failed to load resource: net::ERR_CONNECTION_REFUSED @ https://adx.adform.net/adx/openrtb:0
[    3226ms] [ERROR] Failed to load resource: net::ERR_CONNECTION_REFUSED @ https://ib.adnxs.com/ut/v3/prebid:0
[    3227ms] [ERROR] Failed to load resource: net::ERR_CONNECTION_REFUSED @ https://grid-bidder.criteo.com/openrtb_2_5/pbjs/auction/request?profileId=207&av=37&wv=9.51.0&cb=39430914835&lsavail=1&networkId=11172:0
[    3227ms] [ERROR] Failed to load resource: net::ERR_CONNECTION_REFUSED @ https://adx.adform.net/adx/openrtb:0
[    3227ms] [ERROR] Failed to load resource: net::ERR_CONNECTION_REFUSED @ https://hbopenbid.pubmatic.com/translator?source=prebid-client&gzip=1:0
[    3228ms] [ERROR] Failed to load resource: net::ERR_CERT_COMMON_NAME_INVALID @ https://ssp.seznam.cz/v2/rtb:0
[    3229ms] [ERROR] Failed to load resource: net::ERR_CONNECTION_REFUSED @ https://cdn.cxense.com/cx.cce.js:0
[    3230ms] [ERROR] Failed to load resource: net::ERR_CONNECTION_REFUSED @ https://c2-eu.piano.io/xbuilder/experience/execute?aid=ldpllFOBpe:0
[    4613ms] [ERROR] Failed to load resource: net::ERR_CONNECTION_REFUSED @ https://adx.adform.net/adx/openrtb:0
[    4616ms] [ERROR] Failed to load resource: net::ERR_CONNECTION_REFUSED @ https://openbid.pubmatic.com/translator?pubId=158361:0
[    4617ms] [ERROR] Failed to load resource: net::ERR_CONNECTION_REFUSED @ https://prg.smartadserver.com/prebid/v1:0
[    4647ms] [WARNING] An iframe which has both allow-scripts and allow-same-origin for its sandbox attribute can escape its sandboxing. @ https://delivery.r2b2.cz/js/7.93.0-rc1/online/public/bundle_ad1489.6097069917dae179a1a4.js:1
[    4737ms] [ERROR] Failed to load resource: net::ERR_CONNECTION_REFUSED @ https://securepubads.g.doubleclick.net/tag/js/gpt.js:0
[    6367ms] [ERROR] Failed to load resource: net::ERR_CONNECTION_REFUSED @ https://ssp-sync.criteo.com/user-sync/redirect?profile=207&gdprapplies=true&gdpr=CQfQQUAQfQQUAAHABBENCQFgAP_gAEPgAATIJpwLwAFAAQAArABwAHQAQAAqABaADIAGgARQAkgBMAC3AF4AXwAxACAgEGAQgAiABFACdAGWAO4AeIA_QCSgE4AKQAWYAuoBfADOAIWAR0AmkBNoCdAE_gKkAVkAtQBeYDGQGSANTAd-BGwCaYJVwGQAKgAcABAACoAGQANAAmABiAD8AIQARAAywB3AD9AIsASUBNICbQFSAKyAWoAvMBkgDUwJVgAA.f_wACHwAAAAA&gpp=:0
[    6414ms] [ERROR] Failed to load resource: net::ERR_CONNECTION_REFUSED @ https://match.adsrvr.org/track/cmf/generic?ttd_pid=pubmatic&ttd_tpi=1&gdpr=1&gdpr_consent=CQfQQUAQfQQUAAHABBENCQFgAP_gAEPgAATIJpwLwAFAAQAArABwAHQAQAAqABaADIAGgARQAkgBMAC3AF4AXwAxACAgEGAQgAiABFACdAGWAO4AeIA_QCSgE4AKQAWYAuoBfADOAIWAR0AmkBNoCdAE_gKkAVkAtQBeYDGQGSANTAd-BGwCaYJVwGQAKgAcABAACoAGQANAAmABiAD8AIQARAAywB3AD9AIsASUBNICbQFSAKyAWoAvMBkgDUwJVgAA.f_wACHwAAAAA:0
[    6426ms] [ERROR] Failed to load resource: net::ERR_CONNECTION_REFUSED @ https://c1.adform.net/serving/cookie/match?party=29&gdpr=1&gdpr_consent=CQfQQUAQfQQUAAHABBENCQFgAP_gAEPgAATIJpwLwAFAAQAArABwAHQAQAAqABaADIAGgARQAkgBMAC3AF4AXwAxACAgEGAQgAiABFACdAGWAO4AeIA_QCSgE4AKQAWYAuoBfADOAIWAR0AmkBNoCdAE_gKkAVkAtQBeYDGQGSANTAd-BGwCaYJVwGQAKgAcABAACoAGQANAAmABiAD8AIQARAAywB3AD9AIsASUBNICbQFSAKyAWoAvMBkgDUwJVgAA.f_wACHwAAAAA:0
[    7386ms] [ERROR] Failed to load resource: net::ERR_CONNECTION_REFUSED @ https://ib.adnxs.com/getuid?https%3A%2F%2Fonetag-sys.com%2Fmatch%2F%3Fint_id%3D98%26uid%3D$UID&gdpr=1&gdpr_consent=CQfQQUAQfQQUAAHABBENCQFgAP_gAEPgAATIJpwLwAFAAQAArABwAHQAQAAqABaADIAGgARQAkgBMAC3AF4AXwAxACAgEGAQgAiABFACdAGWAO4AeIA_QCSgE4AKQAWYAuoBfADOAIWAR0AmkBNoCdAE_gKkAVkAtQBeYDGQGSANTAd-BGwCaYJVwGQAKgAcABAACoAGQANAAmABiAD8AIQARAAywB3AD9AIsASUBNICbQFSAKyAWoAvMBkgDUwJVgAA.f_wACHwAAAAA:0
[    7394ms] [ERROR] Failed to load resource: net::ERR_CONNECTION_REFUSED @ https://pixel.rubiconproject.com/tap.php?v=223352&nid=4584&put=rZHNdiryWNVwnk7nXaTrx9_J3PgPnkaiqfnmX8U1nZ8:0
[    7397ms] [ERROR] Failed to load resource: net::ERR_CONNECTION_REFUSED @ https://ssbsync-global.smartadserver.com/api/sync?callerId=5&gdpr=1&gdpr_consent=CQfQQUAQfQQUAAHABBENCQFgAP_gAEPgAATIJpwLwAFAAQAArABwAHQAQAAqABaADIAGgARQAkgBMAC3AF4AXwAxACAgEGAQgAiABFACdAGWAO4AeIA_QCSgE4AKQAWYAuoBfADOAIWAR0AmkBNoCdAE_gKkAVkAtQBeYDGQGSANTAd-BGwCaYJVwGQAKgAcABAACoAGQANAAmABiAD8AIQARAAywB3AD9AIsASUBNICbQFSAKyAWoAvMBkgDUwJVgAA.f_wACHwAAAAA&us_privacy=&redirectUri=https%3A%2F%2Fonetag-sys.com%2Fmatch%2F%3Fint_id%3D107%26uid%3D[ssb_sync_pid]:0
[    7398ms] [ERROR] Failed to load resource: net::ERR_CONNECTION_REFUSED @ https://cm.g.doubleclick.net/pixel?google_nid=onetag_eb&gdpr=1&gdpr_consent=CQfQQUAQfQQUAAHABBENCQFgAP_gAEPgAATIJpwLwAFAAQAArABwAHQAQAAqABaADIAGgARQAkgBMAC3AF4AXwAxACAgEGAQgAiABFACdAGWAO4AeIA_QCSgE4AKQAWYAuoBfADOAIWAR0AmkBNoCdAE_gKkAVkAtQBeYDGQGSANTAd-BGwCaYJVwGQAKgAcABAACoAGQANAAmABiAD8AIQARAAywB3AD9AIsASUBNICbQFSAKyAWoAvMBkgDUwJVgAA.f_wACHwAAAAA&google_cm:0
[    7406ms] [ERROR] Failed to load resource: net::ERR_CONNECTION_REFUSED @ https://x.bidswitch.net/sync?ssp=onetag&gdpr=1&gdpr_consent=CQfQQUAQfQQUAAHABBENCQFgAP_gAEPgAATIJpwLwAFAAQAArABwAHQAQAAqABaADIAGgARQAkgBMAC3AF4AXwAxACAgEGAQgAiABFACdAGWAO4AeIA_QCSgE4AKQAWYAuoBfADOAIWAR0AmkBNoCdAE_gKkAVkAtQBeYDGQGSANTAd-BGwCaYJVwGQAKgAcABAACoAGQANAAmABiAD8AIQARAAywB3AD9AIsASUBNICbQFSAKyAWoAvMBkgDUwJVgAA.f_wACHwAAAAA&user_id=rZHNdiryWNVwnk7nXaTrx9_J3PgPnkaiqfnmX8U1nZ8:0
[    7460ms] [ERROR] Failed to load resource: net::ERR_CONNECTION_REFUSED @ https://cm.g.doubleclick.net/pixel?google_nid=one_tag&google_hm=AAABnDg0EKGBwwjN8fV6PN6ANMJNdqDywf4GZA&gdpr=1&gdpr_consent=CQfQQUAQfQQUAAHABBENCQFgAP_gAEPgAATIJpwLwAFAAQAArABwAHQAQAAqABaADIAGgARQAkgBMAC3AF4AXwAxACAgEGAQgAiABFACdAGWAO4AeIA_QCSgE4AKQAWYAuoBfADOAIWAR0AmkBNoCdAE_gKkAVkAtQBeYDGQGSANTAd-BGwCaYJVwGQAKgAcABAACoAGQANAAmABiAD8AIQARAAywB3AD9AIsASUBNICbQFSAKyAWoAvMBkgDUwJVgAA.f_wACHwAAAAA:0
[    7469ms] [ERROR] Failed to load resource: net::ERR_CONNECTION_REFUSED @ https://s.amazon-adsystem.com/ecm3?ex=onetag.com&id=rZHNdiryWNVwnk7nXaTrx9_J3PgPnkaiqfnmX8U1nZ8:0
[    7577ms] [ERROR] Failed to load resource: net::ERR_CONNECTION_REFUSED @ https://ib.adnxs.com/async_usersync?cbfn=queuePixels&gdpr_consent=CQfQQUAQfQQUAAHABBENCQFgAP_gAEPgAATIJpwLwAFAAQAArABwAHQAQAAqABaADIAGgARQAkgBMAC3AF4AXwAxACAgEGAQgAiABFACdAGWAO4AeIA_QCSgE4AKQAWYAuoBfADOAIWAR0AmkBNoCdAE_gKkAVkAtQBeYDGQGSANTAd-BGwCaYJVwGQAKgAcABAACoAGQANAAmABiAD8AIQARAAywB3AD9AIsASUBNICbQFSAKyAWoAvMBkgDUwJVgAA.f_wACHwAAAAA:0
[   10370ms] [ERROR] Failed to load resource: net::ERR_CONNECTION_REFUSED @ https://securepubads.g.doubleclick.net/tag/js/gpt.js:0
