[    1549ms] [ERROR] Failed to load resource: net::ERR_CONNECTION_REFUSED @ https://static.criteo.net/images/pixel.gif?ch=2:0
[    1556ms] [ERROR] Failed to load resource: net::ERR_CONNECTION_REFUSED @ https://static.criteo.net/js/ld/publishertag.standalone.js:0
[    1556ms] [ERROR] Failed to load resource: net::ERR_CONNECTION_REFUSED @ https://www.googletagmanager.com/gtag/js?id=UA-26248206-3:0
[    1702ms] [ERROR] Failed to load resource: net::ERR_CONNECTION_REFUSED @ https://static.criteo.net/js/ld/publishertag.standalone.js:0
[    1725ms] [ERROR] Failed to load resource: net::ERR_CONNECTION_REFUSED @ https://www.googletagmanager.com/gtm.js?id=GTM-WV62STW:0
[    2129ms] [ERROR] Failed to load resource: net::ERR_CONNECTION_REFUSED @ https://adx.adform.net/adx/openrtb:0
[    2259ms] [ERROR] Failed to load resource: net::ERR_CONNECTION_REFUSED @ https://bidder.criteo.com/cdb?profileId=207&av=37&wv=9.4.1&cb=81980041833&lsavail=1:0
[    2259ms] [ERROR] Failed to load resource: net::ERR_CONNECTION_REFUSED @ https://adx.adform.net/adx/openrtb:0
[    2259ms] [ERROR] Failed to load resource: net::ERR_CONNECTION_REFUSED @ https://prg.smartadserver.com/prebid/v1:0
[    2259ms] [ERROR] Failed to load resource: net::ERR_CONNECTION_REFUSED @ https://bidder.criteo.com/cdb?profileId=207&av=37&wv=9.4.1&cb=59610856399&lsavail=1:0
[    2259ms] [ERROR] Failed to load resource: net::ERR_CONNECTION_REFUSED @ https://prg.smartadserver.com/prebid/v1:0
[    2260ms] [ERROR] Failed to load resource: net::ERR_CONNECTION_REFUSED @ https://prg.smartadserver.com/prebid/v1:0
[    2260ms] [ERROR] Failed to load resource: net::ERR_CONNECTION_REFUSED @ https://prebid.a-mo.net/a/c:0
[    2260ms] [ERROR] Failed to load resource: net::ERR_CONNECTION_REFUSED @ https://prebid.a-mo.net/a/c:0
[    2260ms] [ERROR] Failed to load resource: net::ERR_CONNECTION_REFUSED @ https://prebid.a-mo.net/a/c:0
[    2260ms] [ERROR] Failed to load resource: net::ERR_CONNECTION_REFUSED @ https://prebid.a-mo.net/a/c:0
[    2260ms] [ERROR] Failed to load resource: net::ERR_CONNECTION_REFUSED @ https://adx.adform.net/adx/openrtb:0
[    2260ms] [ERROR] Failed to load resource: net::ERR_CONNECTION_REFUSED @ https://adx.adform.net/adx/openrtb:0
[    2261ms] [ERROR] Failed to load resource: net::ERR_CONNECTION_REFUSED @ https://prg.smartadserver.com/prebid/v1:0
[    2261ms] [ERROR] Failed to load resource: net::ERR_CONNECTION_REFUSED @ https://adx.adform.net/adx/openrtb:0
[    2261ms] [ERROR] Failed to load resource: net::ERR_CONNECTION_REFUSED @ https://adx.adform.net/adx/openrtb:0
[    2261ms] [ERROR] Failed to load resource: net::ERR_CONNECTION_REFUSED @ https://bidder.criteo.com/cdb?profileId=207&av=37&wv=9.4.1&cb=62988346941&lsavail=1:0
[    2261ms] [ERROR] Failed to load resource: net::ERR_CONNECTION_REFUSED @ https://bidder.criteo.com/cdb?profileId=207&av=37&wv=9.4.1&cb=75295100700&lsavail=1:0
[    2261ms] [ERROR] Failed to load resource: net::ERR_CONNECTION_REFUSED @ https://prg.smartadserver.com/prebid/v1:0
[    2261ms] [ERROR] Failed to load resource: net::ERR_CONNECTION_REFUSED @ https://prg.smartadserver.com/prebid/v1:0
[    2262ms] [ERROR] Failed to load resource: net::ERR_CONNECTION_REFUSED @ https://prebid.a-mo.net/a/c:0
[    2265ms] [ERROR] Failed to load resource: net::ERR_CONNECTION_REFUSED @ https://mp.4dex.io/prebid:0
[    2266ms] [ERROR] Failed to load resource: net::ERR_CONNECTION_REFUSED @ https://openbid.pubmatic.com/translator?pubId=158361:0
[    2267ms] [ERROR] Failed to load resource: net::ERR_CONNECTION_REFUSED @ https://openbid.pubmatic.com/translator?pubId=158361:0
[    2269ms] [ERROR] Failed to load resource: net::ERR_CONNECTION_REFUSED @ https://openbid.pubmatic.com/translator?pubId=158361:0
[    2275ms] [ERROR] Failed to load resource: net::ERR_CONNECTION_REFUSED @ https://ice.360yield-basic.com/2218/pb:0
[    2360ms] [ERROR] Failed to load resource: net::ERR_CERT_COMMON_NAME_INVALID @ https://ssp.seznam.cz/static/js/ssp.js:0
[    2395ms] [ERROR] Failed to load resource: net::ERR_CONNECTION_REFUSED @ https://s1.adform.net/Banners/34896265/34896265.jpg?bv=1:0
[    3396ms] [ERROR] Failed to load resource: net::ERR_CONNECTION_REFUSED @ https://adx.adform.net/adx/openrtb:0
[    3397ms] [ERROR] Failed to load resource: net::ERR_CONNECTION_REFUSED @ https://adx.adform.net/adx/openrtb:0
[    3405ms] [ERROR] Failed to load resource: net::ERR_CONNECTION_REFUSED @ https://adx.adform.net/adx/openrtb:0
[    3406ms] [ERROR] Failed to load resource: net::ERR_CONNECTION_REFUSED @ https://grid-bidder.criteo.com/openrtb_2_5/pbjs/auction/request?profileId=207&av=37&wv=9.51.0&cb=52565154882&lsavail=0&networkId=11172:0
[    3412ms] [ERROR] Failed to load resource: net::ERR_CONNECTION_REFUSED @ https://ib.adnxs-simple.com/ut/v3/prebid:0
[    3422ms] [ERROR] Failed to load resource: net::ERR_CONNECTION_REFUSED @ https://a.teads.tv/hb/bid-request:0
[    3431ms] [ERROR] Failed to load resource: net::ERR_CONNECTION_REFUSED @ https://hbopenbid.pubmatic.com/translator?source=prebid-client&gzip=1:0
[    3439ms] [ERROR] Failed to load resource: net::ERR_CERT_COMMON_NAME_INVALID @ https://ssp.seznam.cz/v2/rtb:0
[   12963ms] [ERROR] Failed to load resource: net::ERR_CONNECTION_REFUSED @ https://ads.pubmatic.com/AdServer/js/pwt/158361/3614/pwt.js:0
[   12974ms] [ERROR] Failed to load resource: net::ERR_CONNECTION_REFUSED @ https://secure.adnxs.com/getuid?https%3A%2F%2Fa.1gr.cz%2Fmafra%2Fsetid%2FMID%3D1951386962%2Fexternal%3DAPPNEXUS%2Fvalue%3D%24UID&gdpr_consent=CQfQQUAQfQQUAAHABBENCQFgAP_gAEPgAATIJpwLwAFAAQAArABwAHQAQAAqABaADIAGgARQAkgBMAC3AF4AXwAxACAgEGAQgAiABFACdAGWAO4AeIA_QCSgE4AKQAWYAuoBfADOAIWAR0AmkBNoCdAE_gKkAVkAtQBeYDGQGSANTAd-BGwCaYJVwGQAKgAcABAACoAGQANAAmABiAD8AIQARAAywB3AD9AIsASUBNICbQFSAKyAWoAvMBkgDUwJVgAA.f_wACHwAAAAA&gdpr=1:0
[   12974ms] [ERROR] Failed to load resource: net::ERR_CONNECTION_REFUSED @ https://track.adform.net/Serving/TrackPoint/?pm=2726350:0
[   14100ms] [ERROR] Failed to load resource: net::ERR_CONNECTION_REFUSED @ https://cm.g.doubleclick.net/pixel?google_nid=index&google_cm&google_hm=aYc3O7mqPMEAMV2uAGCxlQAACHIAAAIB&gdpr_consent=&us_privacy=&gdpr=&gpp=&gpp_sid=:0
[   14102ms] [ERROR] Failed to load resource: net::ERR_CONNECTION_REFUSED @ https://match.adsrvr.org/track/cmf/casale:0
[   14127ms] [ERROR] Failed to load resource: net::ERR_CONNECTION_REFUSED @ https://i.liadm.com/s/31327?bidder_id=14481&bidder_uuid=aYc3O7mqPMEAMV2uAGCxlQAA%262162&gpdr=&gdpr_consent=&us_privacy=&gpp=&gpp_sid=:0
[   14150ms] [ERROR] Failed to load resource: net::ERR_CONNECTION_REFUSED @ https://trace.mediago.io/ju/cs/indexexchange:0
[   14152ms] [ERROR] Failed to load resource: net::ERR_CONNECTION_REFUSED @ https://ad.turn.com/r/cs?pid=21:0
[   14161ms] [ERROR] Failed to load resource: net::ERR_CONNECTION_REFUSED @ https://sync.srv.stackadapt.com/sync?nid=68:0
[   14183ms] [ERROR] Failed to load resource: net::ERR_CONNECTION_REFUSED @ https://cm.g.doubleclick.net/pixel?google_nid=casale_media2_dbm&google_cm&google_sc&google_hm=aYc3O7mqPMEAMV2uAGCxlQAA:0
[   14509ms] [ERROR] Failed to load resource: net::ERR_CONNECTION_REFUSED @ https://aax-eu.amazon-adsystem.com/s/dcm?pid=a38a8ddf-19a7-4ab8-ba05-0a61de92a7e5&id=&gdpr_consent=CQfQQUAQfQQUAAHABBENCQFgAP_gAEPgAATIJpwLwAFAAQAArABwAHQAQAAqABaADIAGgARQAkgBMAC3AF4AXwAxACAgEGAQgAiABFACdAGWAO4AeIA_QCSgE4AKQAWYAuoBfADOAIWAR0AmkBNoCdAE_gKkAVkAtQBeYDGQGSANTAd-BGwCaYJVwGQAKgAcABAACoAGQANAAmABiAD8AIQARAAywB3AD9AIsASUBNICbQFSAKyAWoAvMBkgDUwJVgAA.f_wACHwAAAAA&gdpr=1:0
[   14513ms] [ERROR] Failed to load resource: net::ERR_CONNECTION_REFUSED @ https://cm.g.doubleclick.net/pixel?google_nid=rubicon&google_cm&google_sc&process_consent=T&gdpr_consent=CQfQQUAQfQQUAAHABBENCQFgAP_gAEPgAATIJpwLwAFAAQAArABwAHQAQAAqABaADIAGgARQAkgBMAC3AF4AXwAxACAgEGAQgAiABFACdAGWAO4AeIA_QCSgE4AKQAWYAuoBfADOAIWAR0AmkBNoCdAE_gKkAVkAtQBeYDGQGSANTAd-BGwCaYJVwGQAKgAcABAACoAGQANAAmABiAD8AIQARAAywB3AD9AIsASUBNICbQFSAKyAWoAvMBkgDUwJVgAA.f_wACHwAAAAA&gdpr=1:0
[   14520ms] [ERROR] Failed to load resource: net::ERR_CONNECTION_REFUSED @ https://match.adsrvr.org/track/cmf/rubicon?gdpr_consent=CQfQQUAQfQQUAAHABBENCQFgAP_gAEPgAATIJpwLwAFAAQAArABwAHQAQAAqABaADIAGgARQAkgBMAC3AF4AXwAxACAgEGAQgAiABFACdAGWAO4AeIA_QCSgE4AKQAWYAuoBfADOAIWAR0AmkBNoCdAE_gKkAVkAtQBeYDGQGSANTAd-BGwCaYJVwGQAKgAcABAACoAGQANAAmABiAD8AIQARAAywB3AD9AIsASUBNICbQFSAKyAWoAvMBkgDUwJVgAA.f_wACHwAAAAA&gdpr=1:0
[   14533ms] [ERROR] Failed to load resource: net::ERR_CONNECTION_REFUSED @ https://s.amazon-adsystem.com/dcm?pid=50cd21b7-d8d7-4615-9fb9-a2be831f8488&id=&gdpr_consent=CQfQQUAQfQQUAAHABBENCQFgAP_gAEPgAATIJpwLwAFAAQAArABwAHQAQAAqABaADIAGgARQAkgBMAC3AF4AXwAxACAgEGAQgAiABFACdAGWAO4AeIA_QCSgE4AKQAWYAuoBfADOAIWAR0AmkBNoCdAE_gKkAVkAtQBeYDGQGSANTAd-BGwCaYJVwGQAKgAcABAACoAGQANAAmABiAD8AIQARAAywB3AD9AIsASUBNICbQFSAKyAWoAvMBkgDUwJVgAA.f_wACHwAAAAA&gdpr=1:0
[   14539ms] [ERROR] Failed to load resource: net::ERR_CONNECTION_REFUSED @ https://cm.g.doubleclick.net/pixel?google_nid=rp&google_cm&google_hm=TUxDQk1YT1YtSi0zMUNF&gdpr=1&gdpr_consent=CQfQQUAQfQQUAAHABBENCQFgAP_gAEPgAATIJpwLwAFAAQAArABwAHQAQAAqABaADIAGgARQAkgBMAC3AF4AXwAxACAgEGAQgAiABFACdAGWAO4AeIA_QCSgE4AKQAWYAuoBfADOAIWAR0AmkBNoCdAE_gKkAVkAtQBeYDGQGSANTAd-BGwCaYJVwGQAKgAcABAACoAGQANAAmABiAD8AIQARAAywB3AD9AIsASUBNICbQFSAKyAWoAvMBkgDUwJVgAA.f_wACHwAAAAA:0
[   14549ms] [ERROR] Failed to load resource: net::ERR_CONNECTION_REFUSED @ https://match.prod.bidr.io/cookie-sync/rp?bee_sync_partners=rp&gdpr_consent=CQfQQUAQfQQUAAHABBENCQFgAP_gAEPgAATIJpwLwAFAAQAArABwAHQAQAAqABaADIAGgARQAkgBMAC3AF4AXwAxACAgEGAQgAiABFACdAGWAO4AeIA_QCSgE4AKQAWYAuoBfADOAIWAR0AmkBNoCdAE_gKkAVkAtQBeYDGQGSANTAd-BGwCaYJVwGQAKgAcABAACoAGQANAAmABiAD8AIQARAAywB3AD9AIsASUBNICbQFSAKyAWoAvMBkgDUwJVgAA.f_wACHwAAAAA&gdpr=1:0
[   14555ms] [ERROR] Failed to load resource: net::ERR_CONNECTION_REFUSED @ https://pixel.rubiconproject.com/exchange/sync.php?p=pbs-adaptmx&gdpr_consent=CQfQQUAQfQQUAAHABBENCQFgAP_gAEPgAATIJpwLwAFAAQAArABwAHQAQAAqABaADIAGgARQAkgBMAC3AF4AXwAxACAgEGAQgAiABFACdAGWAO4AeIA_QCSgE4AKQAWYAuoBfADOAIWAR0AmkBNoCdAE_gKkAVkAtQBeYDGQGSANTAd-BGwCaYJVwGQAKgAcABAACoAGQANAAmABiAD8AIQARAAywB3AD9AIsASUBNICbQFSAKyAWoAvMBkgDUwJVgAA.f_wACHwAAAAA&gdpr=1:0
[   14555ms] [ERROR] Failed to load resource: net::ERR_CONNECTION_REFUSED @ https://pixel.rubiconproject.com/exchange/sync.php?p=19564&gdpr_consent=CQfQQUAQfQQUAAHABBENCQFgAP_gAEPgAATIJpwLwAFAAQAArABwAHQAQAAqABaADIAGgARQAkgBMAC3AF4AXwAxACAgEGAQgAiABFACdAGWAO4AeIA_QCSgE4AKQAWYAuoBfADOAIWAR0AmkBNoCdAE_gKkAVkAtQBeYDGQGSANTAd-BGwCaYJVwGQAKgAcABAACoAGQANAAmABiAD8AIQARAAywB3AD9AIsASUBNICbQFSAKyAWoAvMBkgDUwJVgAA.f_wACHwAAAAA&gdpr=1:0
[   14555ms] [ERROR] Failed to load resource: net::ERR_CONNECTION_REFUSED @ https://pixel.rubiconproject.com/exchange/sync.php?p=18694&gdpr_consent=CQfQQUAQfQQUAAHABBENCQFgAP_gAEPgAATIJpwLwAFAAQAArABwAHQAQAAqABaADIAGgARQAkgBMAC3AF4AXwAxACAgEGAQgAiABFACdAGWAO4AeIA_QCSgE4AKQAWYAuoBfADOAIWAR0AmkBNoCdAE_gKkAVkAtQBeYDGQGSANTAd-BGwCaYJVwGQAKgAcABAACoAGQANAAmABiAD8AIQARAAywB3AD9AIsASUBNICbQFSAKyAWoAvMBkgDUwJVgAA.f_wACHwAAAAA&gdpr=1:0
[   14561ms] [ERROR] Failed to load resource: net::ERR_CONNECTION_REFUSED @ https://pixel.rubiconproject.com/exchange/sync.php?p=a9us&gdpr_consent=CQfQQUAQfQQUAAHABBENCQFgAP_gAEPgAATIJpwLwAFAAQAArABwAHQAQAAqABaADIAGgARQAkgBMAC3AF4AXwAxACAgEGAQgAiABFACdAGWAO4AeIA_QCSgE4AKQAWYAuoBfADOAIWAR0AmkBNoCdAE_gKkAVkAtQBeYDGQGSANTAd-BGwCaYJVwGQAKgAcABAACoAGQANAAmABiAD8AIQARAAywB3AD9AIsASUBNICbQFSAKyAWoAvMBkgDUwJVgAA.f_wACHwAAAAA&gdpr=1:0
[   14561ms] [ERROR] Failed to load resource: net::ERR_CONNECTION_REFUSED @ https://pixel.rubiconproject.com/exchange/sync.php?p=pbs-yahoo-exchange&gdpr_consent=CQfQQUAQfQQUAAHABBENCQFgAP_gAEPgAATIJpwLwAFAAQAArABwAHQAQAAqABaADIAGgARQAkgBMAC3AF4AXwAxACAgEGAQgAiABFACdAGWAO4AeIA_QCSgE4AKQAWYAuoBfADOAIWAR0AmkBNoCdAE_gKkAVkAtQBeYDGQGSANTAd-BGwCaYJVwGQAKgAcABAACoAGQANAAmABiAD8AIQARAAywB3AD9AIsASUBNICbQFSAKyAWoAvMBkgDUwJVgAA.f_wACHwAAAAA&gdpr=1:0
[   14567ms] [ERROR] Failed to load resource: net::ERR_CONNECTION_REFUSED @ https://sync.ipredictive.com/d/sync/cookie/generic?https://pixel.rubiconproject.com/tap.php?v=17149&nid=2861&put=${ADELPHIC_CUID}&expires=30&gdpr_consent=CQfQQUAQfQQUAAHABBENCQFgAP_gAEPgAATIJpwLwAFAAQAArABwAHQAQAAqABaADIAGgARQAkgBMAC3AF4AXwAxACAgEGAQgAiABFACdAGWAO4AeIA_QCSgE4AKQAWYAuoBfADOAIWAR0AmkBNoCdAE_gKkAVkAtQBeYDGQGSANTAd-BGwCaYJVwGQAKgAcABAACoAGQANAAmABiAD8AIQARAAywB3AD9AIsASUBNICbQFSAKyAWoAvMBkgDUwJVgAA.f_wACHwAAAAA&gdpr=1:0
[   14675ms] [ERROR] Failed to load resource: net::ERR_CONNECTION_REFUSED @ https://cm.g.doubleclick.net/pixel?google_nid=rubicon&google_hm=ODY5NjU1MzIyZDA3YWIwMGU0YmI0NjAxYWQ2NzIxNmRkZjgyYTgwZA&gdpr=1&gdpr_consent=CQfQQUAQfQQUAAHABBENCQFgAP_gAEPgAATIJpwLwAFAAQAArABwAHQAQAAqABaADIAGgARQAkgBMAC3AF4AXwAxACAgEGAQgAiABFACdAGWAO4AeIA_QCSgE4AKQAWYAuoBfADOAIWAR0AmkBNoCdAE_gKkAVkAtQBeYDGQGSANTAd-BGwCaYJVwGQAKgAcABAACoAGQANAAmABiAD8AIQARAAywB3AD9AIsASUBNICbQFSAKyAWoAvMBkgDUwJVgAA.f_wACHwAAAAA:0
