[     434ms] [ERROR] Failed to load resource: net::ERR_CONNECTION_REFUSED @ https://www.googletagmanager.com/gtag/js?id=UA-26248206-3:0
[     572ms] [ERROR] Failed to load resource: net::ERR_CONNECTION_REFUSED @ https://static.criteo.net/images/pixel.gif?ch=2:0
[     584ms] [ERROR] Failed to load resource: net::ERR_CONNECTION_REFUSED @ https://static.criteo.net/js/ld/publishertag.standalone.js:0
[     708ms] [ERROR] Failed to load resource: net::ERR_CONNECTION_REFUSED @ https://static.criteo.net/js/ld/publishertag.standalone.js:0
[     768ms] [ERROR] Failed to load resource: net::ERR_CONNECTION_REFUSED @ https://www.googletagmanager.com/gtm.js?id=GTM-WV62STW:0
[     769ms] [ERROR] Failed to load resource: net::ERR_CONNECTION_REFUSED @ https://cdn.id5-sync.com/api/1.0/id5-api.js:0
[     894ms] [ERROR] Failed to load resource: net::ERR_CONNECTION_REFUSED @ https://adx.adform.net/adx/openrtb:0
[     907ms] [ERROR] Failed to load resource: net::ERR_CONNECTION_REFUSED @ https://bidder.criteo.com/cdb?profileId=207&av=37&wv=9.4.1&cb=65079899001&lsavail=1:0
[     907ms] [ERROR] Failed to load resource: net::ERR_CONNECTION_REFUSED @ https://prg.smartadserver.com/prebid/v1:0
[     908ms] [ERROR] Failed to load resource: net::ERR_CONNECTION_REFUSED @ https://prebid.a-mo.net/a/c:0
[     908ms] [ERROR] Failed to load resource: net::ERR_CONNECTION_REFUSED @ https://adx.adform.net/adx/openrtb:0
[     908ms] [ERROR] Failed to load resource: net::ERR_CONNECTION_REFUSED @ https://bidder.criteo.com/cdb?profileId=207&av=37&wv=9.4.1&cb=6590198556&lsavail=1:0
[     908ms] [ERROR] Failed to load resource: net::ERR_CONNECTION_REFUSED @ https://prg.smartadserver.com/prebid/v1:0
[     908ms] [ERROR] Failed to load resource: net::ERR_CONNECTION_REFUSED @ https://prg.smartadserver.com/prebid/v1:0
[     908ms] [ERROR] Failed to load resource: net::ERR_CONNECTION_REFUSED @ https://openbid.pubmatic.com/translator?pubId=158361:0
[     908ms] [ERROR] Failed to load resource: net::ERR_CONNECTION_REFUSED @ https://prebid.a-mo.net/a/c:0
[     908ms] [ERROR] Failed to load resource: net::ERR_CONNECTION_REFUSED @ https://prebid.a-mo.net/a/c:0
[     909ms] [ERROR] Failed to load resource: net::ERR_CONNECTION_REFUSED @ https://prebid.a-mo.net/a/c:0
[     909ms] [ERROR] Failed to load resource: net::ERR_CONNECTION_REFUSED @ https://adx.adform.net/adx/openrtb:0
[     909ms] [ERROR] Failed to load resource: net::ERR_CONNECTION_REFUSED @ https://adx.adform.net/adx/openrtb:0
[    1080ms] [ERROR] Failed to load resource: net::ERR_CONNECTION_REFUSED @ https://openbid.pubmatic.com/translator?pubId=158361:0
[    1080ms] [ERROR] Failed to load resource: net::ERR_CONNECTION_REFUSED @ https://prg.smartadserver.com/prebid/v1:0
[    1080ms] [ERROR] Failed to load resource: net::ERR_CONNECTION_REFUSED @ https://adx.adform.net/adx/openrtb:0
[    1080ms] [ERROR] Failed to load resource: net::ERR_CONNECTION_REFUSED @ https://adx.adform.net/adx/openrtb:0
[    1081ms] [ERROR] Failed to load resource: net::ERR_CONNECTION_REFUSED @ https://bidder.criteo.com/cdb?profileId=207&av=37&wv=9.4.1&cb=15796796183&lsavail=1:0
[    1082ms] [ERROR] Failed to load resource: net::ERR_CONNECTION_REFUSED @ https://prg.smartadserver.com/prebid/v1:0
[    1083ms] [ERROR] Failed to load resource: net::ERR_CONNECTION_REFUSED @ https://bidder.criteo.com/cdb?profileId=207&av=37&wv=9.4.1&cb=12257495906&lsavail=1:0
[    1085ms] [ERROR] Failed to load resource: net::ERR_CONNECTION_REFUSED @ https://prg.smartadserver.com/prebid/v1:0
[    1085ms] [ERROR] Failed to load resource: net::ERR_CONNECTION_REFUSED @ https://openbid.pubmatic.com/translator?pubId=158361:0
[    1086ms] [ERROR] Failed to load resource: net::ERR_CONNECTION_REFUSED @ https://mp.4dex.io/prebid:0
[    1086ms] [ERROR] Failed to load resource: net::ERR_CONNECTION_REFUSED @ https://prebid.a-mo.net/a/c:0
[    1087ms] [ERROR] Failed to load resource: net::ERR_CONNECTION_REFUSED @ https://ice.360yield.com/2218/pb:0
[    1098ms] [ERROR] Failed to load resource: net::ERR_CERT_COMMON_NAME_INVALID @ https://ssp.seznam.cz/static/js/ssp.js:0
[    1726ms] [ERROR] Failed to load resource: net::ERR_CONNECTION_REFUSED @ https://ads.pubmatic.com/AdServer/js/pwt/158361/3614/pwt.js:0
[    1728ms] [ERROR] Failed to load resource: net::ERR_CONNECTION_REFUSED @ https://id5-sync.com/api/config/prebid:0
[    1728ms] [ERROR] Failed to load resource: net::ERR_CONNECTION_REFUSED @ https://gum.criteo.com/sid/json?origin=prebid&topUrl=https%3A%2F%2Fidos.cz%2F&domain=idos.cz&cw=1&lsw=1&gdprString=CQfQQUAQfQQUAAHABBENCQFgAP_gAEPgAATIJpwLwAFAAQAArABwAHQAQAAqABaADIAGgARQAkgBMAC3AF4AXwAxACAgEGAQgAiABFACdAGWAO4AeIA_QCSgE4AKQAWYAuoBfADOAIWAR0AmkBNoCdAE_gKkAVkAtQBeYDGQGSANTAd-BGwCaYJVwGQAKgAcABAACoAGQANAAmABiAD8AIQARAAywB3AD9AIsASUBNICbQFSAKyAWoAvMBkgDUwJVgAA.f_wACHwAAAAA&gdpr=1:0
[    1847ms] [ERROR] Failed to load resource: net::ERR_CONNECTION_REFUSED @ https://cdn.cxense.com/cx.cce.js:0
[    1849ms] [ERROR] Failed to load resource: net::ERR_CONNECTION_REFUSED @ https://c2-eu.piano.io/xbuilder/experience/execute?aid=ldpllFOBpe:0
[    1859ms] [ERROR] Failed to load resource: net::ERR_CONNECTION_REFUSED @ https://adx.adform.net/adx/openrtb:0
[    1861ms] [ERROR] Failed to load resource: net::ERR_CONNECTION_REFUSED @ https://grid-bidder.criteo.com/openrtb_2_5/pbjs/auction/request?profileId=207&av=37&wv=9.51.0&cb=61732606490&lsavail=1&networkId=11172:0
[    1862ms] [ERROR] Failed to load resource: net::ERR_CONNECTION_REFUSED @ https://adx.adform.net/adx/openrtb:0
[    1862ms] [ERROR] Failed to load resource: net::ERR_CONNECTION_REFUSED @ https://ib.adnxs.com/ut/v3/prebid:0
[    1863ms] [ERROR] Failed to load resource: net::ERR_CONNECTION_REFUSED @ https://adx.adform.net/adx/openrtb:0
[    1863ms] [ERROR] Failed to load resource: net::ERR_CONNECTION_REFUSED @ https://hbopenbid.pubmatic.com/translator?source=prebid-client&gzip=1:0
[    1906ms] [ERROR] Failed to load resource: net::ERR_CERT_COMMON_NAME_INVALID @ https://ssp.seznam.cz/v2/rtb:0
[    2386ms] [ERROR] Failed to load resource: net::ERR_CONNECTION_REFUSED @ https://adx.adform.net/adx/openrtb:0
[    2387ms] [ERROR] Failed to load resource: net::ERR_CONNECTION_REFUSED @ https://openbid.pubmatic.com/translator?pubId=158361:0
[    2387ms] [ERROR] Failed to load resource: net::ERR_CONNECTION_REFUSED @ https://prg.smartadserver.com/prebid/v1:0
[    2413ms] [WARNING] An iframe which has both allow-scripts and allow-same-origin for its sandbox attribute can escape its sandboxing. @ https://delivery.r2b2.cz/js/7.93.0-rc1/online/public/bundle_ad1489.6097069917dae179a1a4.js:1
[    2461ms] [ERROR] Failed to load resource: net::ERR_CONNECTION_REFUSED @ https://securepubads.g.doubleclick.net/tag/js/gpt.js:0
[    4972ms] [ERROR] Failed to load resource: net::ERR_CONNECTION_REFUSED @ https://ssp-sync.criteo.com/user-sync/redirect?profile=207&gdprapplies=true&gdpr=CQfQQUAQfQQUAAHABBENCQFgAP_gAEPgAATIJpwLwAFAAQAArABwAHQAQAAqABaADIAGgARQAkgBMAC3AF4AXwAxACAgEGAQgAiABFACdAGWAO4AeIA_QCSgE4AKQAWYAuoBfADOAIWAR0AmkBNoCdAE_gKkAVkAtQBeYDGQGSANTAd-BGwCaYJVwGQAKgAcABAACoAGQANAAmABiAD8AIQARAAywB3AD9AIsASUBNICbQFSAKyAWoAvMBkgDUwJVgAA.f_wACHwAAAAA&gpp=:0
[    5003ms] [ERROR] Failed to load resource: net::ERR_CONNECTION_REFUSED @ https://secure.adnxs.com/getuid?https://dsum-sec.casalemedia.com/crum?cm_dsp_id=46&external_user_id=$UID&gdpr=1&gdpr_consent=CQfQQUAQfQQUAAHABBENCQFgAP_gAEPgAATIJpwLwAFAAQAArABwAHQAQAAqABaADIAGgARQAkgBMAC3AF4AXwAxACAgEGAQgAiABFACdAGWAO4AeIA_QCSgE4AKQAWYAuoBfADOAIWAR0AmkBNoCdAE_gKkAVkAtQBeYDGQGSANTAd-BGwCaYJVwGQAKgAcABAACoAGQANAAmABiAD8AIQARAAywB3AD9AIsASUBNICbQFSAKyAWoAvMBkgDUwJVgAA.f_wACHwAAAAA:0
[    6346ms] [ERROR] Failed to load resource: net::ERR_CONNECTION_REFUSED @ https://ib.adnxs.com/getuid?https%3A%2F%2Fonetag-sys.com%2Fmatch%2F%3Fint_id%3D98%26uid%3D$UID&gdpr=1&gdpr_consent=CQfQQUAQfQQUAAHABBENCQFgAP_gAEPgAATIJpwLwAFAAQAArABwAHQAQAAqABaADIAGgARQAkgBMAC3AF4AXwAxACAgEGAQgAiABFACdAGWAO4AeIA_QCSgE4AKQAWYAuoBfADOAIWAR0AmkBNoCdAE_gKkAVkAtQBeYDGQGSANTAd-BGwCaYJVwGQAKgAcABAACoAGQANAAmABiAD8AIQARAAywB3AD9AIsASUBNICbQFSAKyAWoAvMBkgDUwJVgAA.f_wACHwAAAAA:0
[    6346ms] [ERROR] Failed to load resource: net::ERR_CONNECTION_REFUSED @ https://ssbsync-global.smartadserver.com/api/sync?callerId=5&gdpr=1&gdpr_consent=CQfQQUAQfQQUAAHABBENCQFgAP_gAEPgAATIJpwLwAFAAQAArABwAHQAQAAqABaADIAGgARQAkgBMAC3AF4AXwAxACAgEGAQgAiABFACdAGWAO4AeIA_QCSgE4AKQAWYAuoBfADOAIWAR0AmkBNoCdAE_gKkAVkAtQBeYDGQGSANTAd-BGwCaYJVwGQAKgAcABAACoAGQANAAmABiAD8AIQARAAywB3AD9AIsASUBNICbQFSAKyAWoAvMBkgDUwJVgAA.f_wACHwAAAAA&us_privacy=&redirectUri=https%3A%2F%2Fonetag-sys.com%2Fmatch%2F%3Fint_id%3D107%26uid%3D[ssb_sync_pid]:0
[    6348ms] [ERROR] Failed to load resource: net::ERR_CONNECTION_REFUSED @ https://pixel.rubiconproject.com/tap.php?v=223352&nid=4584&put=rZHNdiryWNVwnk7nXaTrx9_J3PgPnkaiqfnmX8U1nZ8:0
[    6353ms] [ERROR] Failed to load resource: net::ERR_CONNECTION_REFUSED @ https://cm.g.doubleclick.net/pixel?google_nid=onetag_eb&gdpr=1&gdpr_consent=CQfQQUAQfQQUAAHABBENCQFgAP_gAEPgAATIJpwLwAFAAQAArABwAHQAQAAqABaADIAGgARQAkgBMAC3AF4AXwAxACAgEGAQgAiABFACdAGWAO4AeIA_QCSgE4AKQAWYAuoBfADOAIWAR0AmkBNoCdAE_gKkAVkAtQBeYDGQGSANTAd-BGwCaYJVwGQAKgAcABAACoAGQANAAmABiAD8AIQARAAywB3AD9AIsASUBNICbQFSAKyAWoAvMBkgDUwJVgAA.f_wACHwAAAAA&google_cm:0
[    6360ms] [ERROR] Failed to load resource: net::ERR_CONNECTION_REFUSED @ https://x.bidswitch.net/sync?ssp=onetag&gdpr=1&gdpr_consent=CQfQQUAQfQQUAAHABBENCQFgAP_gAEPgAATIJpwLwAFAAQAArABwAHQAQAAqABaADIAGgARQAkgBMAC3AF4AXwAxACAgEGAQgAiABFACdAGWAO4AeIA_QCSgE4AKQAWYAuoBfADOAIWAR0AmkBNoCdAE_gKkAVkAtQBeYDGQGSANTAd-BGwCaYJVwGQAKgAcABAACoAGQANAAmABiAD8AIQARAAywB3AD9AIsASUBNICbQFSAKyAWoAvMBkgDUwJVgAA.f_wACHwAAAAA&user_id=rZHNdiryWNVwnk7nXaTrx9_J3PgPnkaiqfnmX8U1nZ8:0
[    6375ms] [ERROR] Failed to load resource: net::ERR_CONNECTION_REFUSED @ https://cm.g.doubleclick.net/pixel?google_nid=one_tag&google_hm=AAABnDg0PjnwHWnpcHvJs-SIVzl55ruHz2bw8g&gdpr=1&gdpr_consent=CQfQQUAQfQQUAAHABBENCQFgAP_gAEPgAATIJpwLwAFAAQAArABwAHQAQAAqABaADIAGgARQAkgBMAC3AF4AXwAxACAgEGAQgAiABFACdAGWAO4AeIA_QCSgE4AKQAWYAuoBfADOAIWAR0AmkBNoCdAE_gKkAVkAtQBeYDGQGSANTAd-BGwCaYJVwGQAKgAcABAACoAGQANAAmABiAD8AIQARAAywB3AD9AIsASUBNICbQFSAKyAWoAvMBkgDUwJVgAA.f_wACHwAAAAA:0
[    6378ms] [ERROR] Failed to load resource: net::ERR_CONNECTION_REFUSED @ https://s.amazon-adsystem.com/ecm3?ex=onetag.com&id=rZHNdiryWNVwnk7nXaTrx9_J3PgPnkaiqfnmX8U1nZ8:0
[    6387ms] [ERROR] Failed to load resource: net::ERR_CONNECTION_REFUSED @ https://ib.adnxs.com/async_usersync?cbfn=queuePixels&gdpr_consent=CQfQQUAQfQQUAAHABBENCQFgAP_gAEPgAATIJpwLwAFAAQAArABwAHQAQAAqABaADIAGgARQAkgBMAC3AF4AXwAxACAgEGAQgAiABFACdAGWAO4AeIA_QCSgE4AKQAWYAuoBfADOAIWAR0AmkBNoCdAE_gKkAVkAtQBeYDGQGSANTAd-BGwCaYJVwGQAKgAcABAACoAGQANAAmABiAD8AIQARAAywB3AD9AIsASUBNICbQFSAKyAWoAvMBkgDUwJVgAA.f_wACHwAAAAA:0
[    7590ms] [ERROR] Failed to load resource: net::ERR_CONNECTION_REFUSED @ https://securepubads.g.doubleclick.net/tag/js/gpt.js:0
