[     787ms] [ERROR] Failed to load resource: net::ERR_CONNECTION_REFUSED @ https://static.criteo.net/js/ld/publishertag.standalone.js:0
[     798ms] [ERROR] Failed to load resource: net::ERR_CONNECTION_REFUSED @ https://static.criteo.net/images/pixel.gif?ch=2:0
[    1010ms] [ERROR] Failed to load resource: net::ERR_CONNECTION_REFUSED @ https://www.googletagmanager.com/gtag/js?id=UA-26248206-3:0
[    1011ms] [ERROR] Failed to load resource: net::ERR_CONNECTION_REFUSED @ https://static.criteo.net/js/ld/publishertag.standalone.js:0
[    1168ms] [ERROR] Failed to load resource: net::ERR_CONNECTION_REFUSED @ https://www.googletagmanager.com/gtm.js?id=GTM-WV62STW:0
[    1183ms] [ERROR] Failed to load resource: net::ERR_CONNECTION_REFUSED @ https://cdn.id5-sync.com/api/1.0/id5-api.js:0
[    4391ms] [ERROR] Failed to load resource: net::ERR_CONNECTION_REFUSED @ https://ads.pubmatic.com/AdServer/js/pwt/158361/3614/pwt.js:0
[    4414ms] [ERROR] Failed to load resource: net::ERR_CONNECTION_REFUSED @ https://id5-sync.com/api/config/prebid:0
[    4433ms] [ERROR] Failed to load resource: net::ERR_CONNECTION_REFUSED @ https://gum.criteo.com/sid/json?origin=prebid&topUrl=https%3A%2F%2Fidos.cz%2F&domain=idos.cz&cw=1&lsw=1&gdprString=CQfQQUAQfQQUAAHABBENCQFgAP_gAEPgAATIJpwLwAFAAQAArABwAHQAQAAqABaADIAGgARQAkgBMAC3AF4AXwAxACAgEGAQgAiABFACdAGWAO4AeIA_QCSgE4AKQAWYAuoBfADOAIWAR0AmkBNoCdAE_gKkAVkAtQBeYDGQGSANTAd-BGwCaYJVwGQAKgAcABAACoAGQANAAmABiAD8AIQARAAywB3AD9AIsASUBNICbQFSAKyAWoAvMBkgDUwJVgAA.f_wACHwAAAAA&gdpr=1:0
[    4554ms] [ERROR] Failed to load resource: net::ERR_CONNECTION_REFUSED @ https://openbid.pubmatic.com/translator?pubId=158361:0
[    4556ms] [ERROR] Failed to load resource: net::ERR_CONNECTION_REFUSED @ https://adx.adform.net/adx/openrtb:0
[    4556ms] [ERROR] Failed to load resource: net::ERR_CONNECTION_REFUSED @ https://adx.adform.net/adx/openrtb:0
[    4557ms] [ERROR] Failed to load resource: net::ERR_CONNECTION_REFUSED @ https://prg.smartadserver.com/prebid/v1:0
[    4562ms] [ERROR] Failed to load resource: net::ERR_CERT_COMMON_NAME_INVALID @ https://ssp.seznam.cz/static/js/ssp.js:0
[    4567ms] [ERROR] Failed to load resource: net::ERR_CONNECTION_REFUSED @ https://ib.adnxs.com/ut/v3/prebid:0
[    4568ms] [ERROR] Failed to load resource: net::ERR_CONNECTION_REFUSED @ https://adx.adform.net/adx/openrtb:0
[    4569ms] [ERROR] Failed to load resource: net::ERR_CONNECTION_REFUSED @ https://adx.adform.net/adx/openrtb:0
[    4570ms] [ERROR] Failed to load resource: net::ERR_CERT_COMMON_NAME_INVALID @ https://ssp.seznam.cz/v2/rtb:0
[    4570ms] [ERROR] Failed to load resource: net::ERR_CONNECTION_REFUSED @ https://grid-bidder.criteo.com/openrtb_2_5/pbjs/auction/request?profileId=207&av=37&wv=9.51.0&cb=82577806008&lsavail=1&networkId=11172:0
[    4571ms] [ERROR] Failed to load resource: net::ERR_CONNECTION_REFUSED @ https://adx.adform.net/adx/openrtb:0
[    4574ms] [ERROR] Failed to load resource: net::ERR_CONNECTION_REFUSED @ https://c2-eu.piano.io/xbuilder/experience/execute?aid=ldpllFOBpe:0
[    4574ms] [ERROR] Failed to load resource: net::ERR_CONNECTION_REFUSED @ https://cdn.cxense.com/cx.cce.js:0
[    4601ms] [ERROR] Failed to load resource: net::ERR_CONNECTION_REFUSED @ https://hbopenbid.pubmatic.com/translator?source=prebid-client&gzip=1:0
[    5232ms] [ERROR] Failed to load resource: net::ERR_CONNECTION_REFUSED @ https://adx.adform.net/adx/openrtb:0
[    5232ms] [ERROR] Failed to load resource: net::ERR_CONNECTION_REFUSED @ https://openbid.pubmatic.com/translator?pubId=158361:0
[    5232ms] [ERROR] Failed to load resource: net::ERR_CONNECTION_REFUSED @ https://prg.smartadserver.com/prebid/v1:0
[    5320ms] [WARNING] An iframe which has both allow-scripts and allow-same-origin for its sandbox attribute can escape its sandboxing. @ https://delivery.r2b2.cz/js/7.93.0-rc1/online/public/bundle_ad1489.6097069917dae179a1a4.js:1
[    5367ms] [ERROR] Failed to load resource: net::ERR_CONNECTION_REFUSED @ https://securepubads.g.doubleclick.net/tag/js/gpt.js:0
[    7862ms] [ERROR] Failed to load resource: net::ERR_CONNECTION_REFUSED @ https://ssp-sync.criteo.com/user-sync/redirect?profile=207&gdprapplies=true&gdpr=CQfQQUAQfQQUAAHABBENCQFgAP_gAEPgAATIJpwLwAFAAQAArABwAHQAQAAqABaADIAGgARQAkgBMAC3AF4AXwAxACAgEGAQgAiABFACdAGWAO4AeIA_QCSgE4AKQAWYAuoBfADOAIWAR0AmkBNoCdAE_gKkAVkAtQBeYDGQGSANTAd-BGwCaYJVwGQAKgAcABAACoAGQANAAmABiAD8AIQARAAywB3AD9AIsASUBNICbQFSAKyAWoAvMBkgDUwJVgAA.f_wACHwAAAAA&gpp=:0
[    7875ms] [ERROR] Failed to load resource: net::ERR_CONNECTION_REFUSED @ https://ssp-sync.criteo.com/user-sync/redirect?profile=342&gdpr=1&gdpr_consent=CQfQQUAQfQQUAAHABBENCQFgAP_gAEPgAATIJpwLwAFAAQAArABwAHQAQAAqABaADIAGgARQAkgBMAC3AF4AXwAxACAgEGAQgAiABFACdAGWAO4AeIA_QCSgE4AKQAWYAuoBfADOAIWAR0AmkBNoCdAE_gKkAVkAtQBeYDGQGSANTAd-BGwCaYJVwGQAKgAcABAACoAGQANAAmABiAD8AIQARAAywB3AD9AIsASUBNICbQFSAKyAWoAvMBkgDUwJVgAA.f_wACHwAAAAA&redir=https%3A%2F%2Fssp.wp.pl%2Fbidder%2Fusersync%2Fsetuid%3Fgdpr%3D1%26gdpr_consent%3DCQfQQUAQfQQUAAHABBENCQFgAP_gAEPgAATIJpwLwAFAAQAArABwAHQAQAAqABaADIAGgARQAkgBMAC3AF4AXwAxACAgEGAQgAiABFACdAGWAO4AeIA_QCSgE4AKQAWYAuoBfADOAIWAR0AmkBNoCdAE_gKkAVkAtQBeYDGQGSANTAd-BGwCaYJVwGQAKgAcABAACoAGQANAAmABiAD8AIQARAAywB3AD9AIsASUBNICbQFSAKyAWoAvMBkgDUwJVgAA.f_wACHwAAAAA%26inver%3D0%26host%3Didos.cz%26mode%3D1%26bidder%3Dcriteo%26uid%3D%24%7BCRITEO_USER_ID%7D:0
[    7886ms] [ERROR] Failed to load resource: net::ERR_CONNECTION_REFUSED @ https://cm.g.doubleclick.net/pixel?google_nid=pmeb&google_sc=1&google_hm=wOrTM9igSra9Y3DjGHhgSQ%3D%3D&gdpr=1&gdpr_consent=CQfQQUAQfQQUAAHABBENCQFgAP_gAEPgAATIJpwLwAFAAQAArABwAHQAQAAqABaADIAGgARQAkgBMAC3AF4AXwAxACAgEGAQgAiABFACdAGWAO4AeIA_QCSgE4AKQAWYAuoBfADOAIWAR0AmkBNoCdAE_gKkAVkAtQBeYDGQGSANTAd-BGwCaYJVwGQAKgAcABAACoAGQANAAmABiAD8AIQARAAywB3AD9AIsASUBNICbQFSAKyAWoAvMBkgDUwJVgAA.f_wACHwAAAAA&google_cm:0
[    7901ms] [ERROR] Failed to load resource: net::ERR_CONNECTION_REFUSED @ https://c1.adform.net/serving/cookie/match?party=29&gdpr=1&gdpr_consent=CQfQQUAQfQQUAAHABBENCQFgAP_gAEPgAATIJpwLwAFAAQAArABwAHQAQAAqABaADIAGgARQAkgBMAC3AF4AXwAxACAgEGAQgAiABFACdAGWAO4AeIA_QCSgE4AKQAWYAuoBfADOAIWAR0AmkBNoCdAE_gKkAVkAtQBeYDGQGSANTAd-BGwCaYJVwGQAKgAcABAACoAGQANAAmABiAD8AIQARAAywB3AD9AIsASUBNICbQFSAKyAWoAvMBkgDUwJVgAA.f_wACHwAAAAA:0
[    9809ms] [ERROR] Failed to load resource: net::ERR_CONNECTION_REFUSED @ https://ib.adnxs.com/async_usersync?cbfn=queuePixels&gdpr_consent=CQfQQUAQfQQUAAHABBENCQFgAP_gAEPgAATIJpwLwAFAAQAArABwAHQAQAAqABaADIAGgARQAkgBMAC3AF4AXwAxACAgEGAQgAiABFACdAGWAO4AeIA_QCSgE4AKQAWYAuoBfADOAIWAR0AmkBNoCdAE_gKkAVkAtQBeYDGQGSANTAd-BGwCaYJVwGQAKgAcABAACoAGQANAAmABiAD8AIQARAAywB3AD9AIsASUBNICbQFSAKyAWoAvMBkgDUwJVgAA.f_wACHwAAAAA:0
[   10538ms] [ERROR] Failed to load resource: net::ERR_CONNECTION_REFUSED @ https://securepubads.g.doubleclick.net/tag/js/gpt.js:0
